<?xml version="1.0" encoding="UTF-8"?>
<testsuite xmlns:xsi="http://www.w3.org/2001/XMLSchema-instance" xsi:noNamespaceSchemaLocation="https://maven.apache.org/surefire/maven-failsafe-plugin/xsd/failsafe-test-report.xsd" version="3.0.2" name="ec.edu.espol.CruceroIT" time="0.204" tests="9" errors="0" skipped="0" failures="0">
  <properties>
[...]
</properties>
  <testcase name="testBuscarViajePorFecha_existente" classname="ec.edu.espol.CruceroIT" time="0.071"/>
  <testcase name="testAgregarViaje_valido" classname="ec.edu.espol.CruceroIT" time="0.002"/>
  <testcase name="testMostrarViajesProgramados" classname="ec.edu.espol.CruceroIT" time="0.039">
    <system-out><![CDATA[Viajes programados para el crucero Crucero1:
Fecha de salida: Fri Aug 15 00:00:00 ECT 2025
]]></system-out>
  </testcase>
  <testcase name="testBuscarViajePorFecha_null" classname="ec.edu.espol.CruceroIT" time="0.006"/>
  <testcase name="testAgregarViaje_null" classname="ec.edu.espol.CruceroIT" time="0.002"/>
  <testcase name="testEliminarViaje_validoNoExistente" classname="ec.edu.espol.CruceroIT" time="0.002"/>
  <testcase name="testEliminarViaje_validoExistente" classname="ec.edu.espol.CruceroIT" time="0.002"/>
  <testcase name="testEliminarViaje_null" classname="ec.edu.espol.CruceroIT" time="0.002"/>
  <testcase name="testBuscarViajePorFecha_noExistente" classname="ec.edu.espol.CruceroIT" time="0.002"/>
</testsuite>